2020-10-30 17:04:38,059 DEBUG scheduler Queued events for site site1.local
2020-10-30 17:05:38,556 DEBUG scheduler Queued events for site site1.local
2020-10-30 17:06:38,873 INFO scheduler Scheduled Job Start: erpnext.crm.doctype.social_media_post.social_media_post.process_scheduled_social_media_posts for site1.local
2020-10-30 17:06:38,886 DEBUG scheduler Queued events for site site1.local
2020-10-30 17:06:38,914 INFO scheduler Scheduled Job Complete: erpnext.crm.doctype.social_media_post.social_media_post.process_scheduled_social_media_posts for site1.local
2020-10-30 17:06:38,947 INFO scheduler Scheduled Job Start: erpnext.healthcare.doctype.patient_appointment.patient_appointment.send_appointment_reminder for site1.local
2020-10-30 17:06:38,986 INFO scheduler Scheduled Job Complete: erpnext.healthcare.doctype.patient_appointment.patient_appointment.send_appointment_reminder for site1.local
2020-10-30 17:06:39,020 INFO scheduler Scheduled Job Start: erpnext.projects.doctype.project.project.project_status_update_reminder for site1.local
2020-10-30 17:06:39,118 INFO scheduler Scheduled Job Complete: erpnext.projects.doctype.project.project.project_status_update_reminder for site1.local
2020-10-30 17:06:39,154 INFO scheduler Scheduled Job Start: frappe.monitor.flush for site1.local
2020-10-30 17:06:39,185 INFO scheduler Scheduled Job Complete: frappe.monitor.flush for site1.local
2020-10-30 17:06:39,217 INFO scheduler Scheduled Job Start: frappe.utils.global_search.sync_global_search for site1.local
2020-10-30 17:06:39,247 INFO scheduler Scheduled Job Complete: frappe.utils.global_search.sync_global_search for site1.local
2020-10-30 17:06:39,280 INFO scheduler Scheduled Job Start: frappe.integrations.doctype.razorpay_settings.razorpay_settings.capture_payment for site1.local
2020-10-30 17:06:39,321 INFO scheduler Scheduled Job Complete: frappe.integrations.doctype.razorpay_settings.razorpay_settings.capture_payment for site1.local
2020-10-30 17:06:39,353 INFO scheduler Scheduled Job Start: frappe.email.doctype.email_account.email_account.notify_unreplied for site1.local
2020-10-30 17:06:39,415 INFO scheduler Scheduled Job Complete: frappe.email.doctype.email_account.email_account.notify_unreplied for site1.local
2020-10-30 17:06:39,449 INFO scheduler Scheduled Job Start: frappe.email.doctype.email_account.email_account.pull for site1.local
2020-10-30 17:06:39,510 INFO scheduler Scheduled Job Complete: frappe.email.doctype.email_account.email_account.pull for site1.local
2020-10-30 17:06:39,543 INFO scheduler Scheduled Job Start: frappe.email.queue.flush for site1.local
2020-10-30 17:06:39,583 INFO scheduler Scheduled Job Complete: frappe.email.queue.flush for site1.local
2020-10-30 17:07:39,318 DEBUG scheduler Queued events for site site1.local
2020-10-30 17:08:39,660 DEBUG scheduler Queued events for site site1.local
2020-10-30 17:09:40,268 DEBUG scheduler Queued events for site site1.local
2020-10-30 17:10:40,669 DEBUG scheduler Queued events for site site1.local
2020-10-30 17:10:40,679 INFO scheduler Scheduled Job Start: erpnext.crm.doctype.social_media_post.social_media_post.process_scheduled_social_media_posts for site1.local
2020-10-30 17:10:40,721 INFO scheduler Scheduled Job Complete: erpnext.crm.doctype.social_media_post.social_media_post.process_scheduled_social_media_posts for site1.local
2020-10-30 17:10:40,754 INFO scheduler Scheduled Job Start: erpnext.healthcare.doctype.patient_appointment.patient_appointment.send_appointment_reminder for site1.local
2020-10-30 17:10:40,793 INFO scheduler Scheduled Job Complete: erpnext.healthcare.doctype.patient_appointment.patient_appointment.send_appointment_reminder for site1.local
2020-10-30 17:10:40,825 INFO scheduler Scheduled Job Start: erpnext.projects.doctype.project.project.project_status_update_reminder for site1.local
2020-10-30 17:10:40,928 INFO scheduler Scheduled Job Complete: erpnext.projects.doctype.project.project.project_status_update_reminder for site1.local
2020-10-30 17:10:40,961 INFO scheduler Scheduled Job Start: frappe.monitor.flush for site1.local
2020-10-30 17:10:40,988 INFO scheduler Scheduled Job Complete: frappe.monitor.flush for site1.local
2020-10-30 17:10:41,019 INFO scheduler Scheduled Job Start: frappe.utils.global_search.sync_global_search for site1.local
2020-10-30 17:10:41,052 INFO scheduler Scheduled Job Complete: frappe.utils.global_search.sync_global_search for site1.local
2020-10-30 17:10:41,084 INFO scheduler Scheduled Job Start: frappe.integrations.doctype.razorpay_settings.razorpay_settings.capture_payment for site1.local
2020-10-30 17:10:41,126 INFO scheduler Scheduled Job Complete: frappe.integrations.doctype.razorpay_settings.razorpay_settings.capture_payment for site1.local
2020-10-30 17:10:41,159 INFO scheduler Scheduled Job Start: frappe.email.doctype.email_account.email_account.notify_unreplied for site1.local
2020-10-30 17:10:41,222 INFO scheduler Scheduled Job Complete: frappe.email.doctype.email_account.email_account.notify_unreplied for site1.local
2020-10-30 17:10:41,255 INFO scheduler Scheduled Job Start: frappe.email.doctype.email_account.email_account.pull for site1.local
2020-10-30 17:10:41,325 INFO scheduler Scheduled Job Complete: frappe.email.doctype.email_account.email_account.pull for site1.local
2020-10-30 17:10:41,360 INFO scheduler Scheduled Job Start: frappe.email.queue.flush for site1.local
2020-10-30 17:10:41,404 INFO scheduler Scheduled Job Complete: frappe.email.queue.flush for site1.local
2020-10-30 17:11:41,065 DEBUG scheduler Queued events for site site1.local
