2020-11-02 19:27:42,368 DEBUG scheduler Queued events for site site1.local
2020-11-02 19:28:42,936 DEBUG scheduler Queued events for site site1.local
2020-11-02 19:29:43,373 DEBUG scheduler Queued events for site site1.local
2020-11-02 19:30:43,660 INFO scheduler Scheduled Job Start: erpnext.loan_management.doctype.loan_interest_accrual.loan_interest_accrual.process_loan_interest_accrual_for_term_loans for site1.local
2020-11-02 19:30:43,729 INFO scheduler Scheduled Job Start: erpnext.accounts.doctype.process_statement_of_accounts.process_statement_of_accounts.send_auto_email for site1.local
2020-11-02 19:30:43,897 INFO scheduler Scheduled Job Failed: erpnext.loan_management.doctype.loan_interest_accrual.loan_interest_accrual.process_loan_interest_accrual_for_term_loans for site1.local
2020-11-02 19:30:44,086 INFO scheduler Scheduled Job Start: erpnext.loan_management.doctype.loan_security_shortfall.loan_security_shortfall.create_process_loan_security_shortfall for site1.local
2020-11-02 19:30:44,135 INFO scheduler Scheduled Job Complete: erpnext.accounts.doctype.process_statement_of_accounts.process_statement_of_accounts.send_auto_email for site1.local
2020-11-02 19:30:44,280 INFO scheduler Scheduled Job Failed: erpnext.loan_management.doctype.loan_security_shortfall.loan_security_shortfall.create_process_loan_security_shortfall for site1.local
2020-11-02 19:30:44,341 INFO scheduler Scheduled Job Start: erpnext.buying.doctype.supplier_quotation.supplier_quotation.set_expired_status for site1.local
2020-11-02 19:30:44,369 INFO scheduler Scheduled Job Start: erpnext.hr.utils.generate_leave_encashment for site1.local
2020-11-02 19:30:44,513 INFO scheduler Scheduled Job Complete: erpnext.hr.utils.generate_leave_encashment for site1.local
2020-11-02 19:30:44,613 INFO scheduler Scheduled Job Complete: erpnext.buying.doctype.supplier_quotation.supplier_quotation.set_expired_status for site1.local
2020-11-02 19:30:44,619 INFO scheduler Scheduled Job Start: erpnext.hr.doctype.leave_ledger_entry.leave_ledger_entry.process_expired_allocation for site1.local
2020-11-02 19:30:44,743 INFO scheduler Scheduled Job Complete: erpnext.hr.doctype.leave_ledger_entry.leave_ledger_entry.process_expired_allocation for site1.local
2020-11-02 19:30:44,804 INFO scheduler Scheduled Job Start: erpnext.healthcare.doctype.patient_appointment.patient_appointment.update_appointment_status for site1.local
2020-11-02 19:30:44,824 INFO scheduler Scheduled Job Start: erpnext.manufacturing.doctype.bom_update_tool.bom_update_tool.update_latest_price_in_all_boms for site1.local
2020-11-02 19:30:44,964 INFO scheduler Scheduled Job Failed: erpnext.healthcare.doctype.patient_appointment.patient_appointment.update_appointment_status for site1.local
2020-11-02 19:30:44,971 INFO scheduler Scheduled Job Complete: erpnext.manufacturing.doctype.bom_update_tool.bom_update_tool.update_latest_price_in_all_boms for site1.local
2020-11-02 19:30:45,067 INFO scheduler Scheduled Job Start: erpnext.setup.doctype.email_digest.email_digest.send for site1.local
2020-11-02 19:30:45,075 INFO scheduler Scheduled Job Start: erpnext.selling.doctype.quotation.quotation.set_expired_status for site1.local
2020-11-02 19:30:45,331 INFO scheduler Scheduled Job Complete: erpnext.setup.doctype.email_digest.email_digest.send for site1.local
2020-11-02 19:30:45,426 INFO scheduler Scheduled Job Complete: erpnext.selling.doctype.quotation.quotation.set_expired_status for site1.local
2020-11-02 19:30:45,432 INFO scheduler Scheduled Job Start: frappe.integrations.doctype.google_drive.google_drive.daily_backup for site1.local
2020-11-02 19:30:45,495 INFO scheduler Scheduled Job Start: erpnext.crm.doctype.email_campaign.email_campaign.set_email_campaign_status for site1.local
2020-11-02 19:30:45,574 DEBUG scheduler Queued events for site site1.local
2020-11-02 19:30:45,616 INFO scheduler Scheduled Job Complete: frappe.integrations.doctype.google_drive.google_drive.daily_backup for site1.local
2020-11-02 19:30:45,637 INFO scheduler Scheduled Job Complete: erpnext.crm.doctype.email_campaign.email_campaign.set_email_campaign_status for site1.local
2020-11-02 19:30:45,786 INFO scheduler Scheduled Job Start: erpnext.crm.doctype.email_campaign.email_campaign.send_email_to_leads_or_contacts for site1.local
2020-11-02 19:30:45,793 INFO scheduler Scheduled Job Start: frappe.integrations.doctype.s3_backup_settings.s3_backup_settings.take_backups_daily for site1.local
2020-11-02 19:30:45,898 INFO scheduler Scheduled Job Complete: erpnext.crm.doctype.email_campaign.email_campaign.send_email_to_leads_or_contacts for site1.local
2020-11-02 19:30:45,930 INFO scheduler Scheduled Job Complete: frappe.integrations.doctype.s3_backup_settings.s3_backup_settings.take_backups_daily for site1.local
2020-11-02 19:30:45,942 INFO scheduler Scheduled Job Start: erpnext.support.doctype.service_level_agreement.service_level_agreement.check_agreement_status for site1.local
2020-11-02 19:30:45,971 INFO scheduler Scheduled Job Start: frappe.utils.change_log.check_for_update for site1.local
2020-11-02 19:30:46,031 INFO scheduler Scheduled Job Complete: erpnext.support.doctype.service_level_agreement.service_level_agreement.check_agreement_status for site1.local
2020-11-02 19:30:46,076 INFO scheduler Scheduled Job Start: erpnext.quality_management.doctype.quality_review.quality_review.review for site1.local
2020-11-02 19:30:46,165 INFO scheduler Scheduled Job Complete: erpnext.quality_management.doctype.quality_review.quality_review.review for site1.local
2020-11-02 19:30:46,207 INFO scheduler Scheduled Job Start: erpnext.projects.doctype.project.project.send_project_status_email_to_users for site1.local
2020-11-02 19:30:46,582 INFO scheduler Scheduled Job Complete: erpnext.projects.doctype.project.project.send_project_status_email_to_users for site1.local
2020-11-02 19:30:46,861 INFO scheduler Scheduled Job Start: erpnext.projects.doctype.project.project.update_project_sales_billing for site1.local
2020-11-02 19:30:47,285 INFO scheduler Scheduled Job Complete: erpnext.projects.doctype.project.project.update_project_sales_billing for site1.local
2020-11-02 19:30:47,327 INFO scheduler Scheduled Job Start: erpnext.crm.doctype.contract.contract.update_status_for_contracts for site1.local
2020-11-02 19:30:47,579 INFO scheduler Scheduled Job Complete: erpnext.crm.doctype.contract.contract.update_status_for_contracts for site1.local
2020-11-02 19:30:47,693 INFO scheduler Scheduled Job Start: erpnext.assets.doctype.asset.asset.make_post_gl_entry for site1.local
2020-11-02 19:30:48,009 INFO scheduler Scheduled Job Failed: frappe.utils.change_log.check_for_update for site1.local
2020-11-02 19:30:48,010 INFO scheduler Scheduled Job Complete: erpnext.assets.doctype.asset.asset.make_post_gl_entry for site1.local
2020-11-02 19:30:48,061 INFO scheduler Scheduled Job Start: erpnext.assets.doctype.asset.asset.update_maintenance_status for site1.local
2020-11-02 19:30:48,259 INFO scheduler Scheduled Job Start: frappe.integrations.doctype.dropbox_settings.dropbox_settings.take_backups_daily for site1.local
2020-11-02 19:30:48,291 INFO scheduler Scheduled Job Complete: erpnext.assets.doctype.asset.asset.update_maintenance_status for site1.local
2020-11-02 19:30:48,336 INFO scheduler Scheduled Job Start: erpnext.setup.doctype.company.company.cache_companies_monthly_sales_history for site1.local
2020-11-02 19:30:48,461 INFO scheduler Scheduled Job Complete: erpnext.setup.doctype.company.company.cache_companies_monthly_sales_history for site1.local
2020-11-02 19:30:48,502 INFO scheduler Scheduled Job Start: erpnext.buying.doctype.supplier_scorecard.supplier_scorecard.refresh_scorecards for site1.local
2020-11-02 19:30:48,522 INFO scheduler Scheduled Job Complete: frappe.integrations.doctype.dropbox_settings.dropbox_settings.take_backups_daily for site1.local
2020-11-02 19:30:48,605 INFO scheduler Scheduled Job Complete: erpnext.buying.doctype.supplier_scorecard.supplier_scorecard.refresh_scorecards for site1.local
2020-11-02 19:30:48,795 INFO scheduler Scheduled Job Start: erpnext.stock.doctype.serial_no.serial_no.update_maintenance_status for site1.local
2020-11-02 19:30:48,987 INFO scheduler Scheduled Job Complete: erpnext.stock.doctype.serial_no.serial_no.update_maintenance_status for site1.local
2020-11-02 19:30:49,028 INFO scheduler Scheduled Job Start: erpnext.hr.doctype.daily_work_summary_group.daily_work_summary_group.send_summary for site1.local
2020-11-02 19:30:49,130 INFO scheduler Scheduled Job Complete: erpnext.hr.doctype.daily_work_summary_group.daily_work_summary_group.send_summary for site1.local
2020-11-02 19:30:49,175 INFO scheduler Scheduled Job Start: erpnext.assets.doctype.asset.depreciation.post_depreciation_entries for site1.local
2020-11-02 19:30:49,301 INFO scheduler Scheduled Job Complete: erpnext.assets.doctype.asset.depreciation.post_depreciation_entries for site1.local
2020-11-02 19:30:49,360 INFO scheduler Scheduled Job Start: erpnext.projects.doctype.task.task.set_tasks_as_overdue for site1.local
2020-11-02 19:30:49,536 INFO scheduler Scheduled Job Complete: erpnext.projects.doctype.task.task.set_tasks_as_overdue for site1.local
2020-11-02 19:30:49,579 INFO scheduler Scheduled Job Start: erpnext.hr.doctype.employee.employee.send_birthday_reminders for site1.local
2020-11-02 19:30:49,665 INFO scheduler Scheduled Job Complete: erpnext.hr.doctype.employee.employee.send_birthday_reminders for site1.local
2020-11-02 19:30:49,748 INFO scheduler Scheduled Job Start: erpnext.accounts.doctype.fiscal_year.fiscal_year.auto_create_fiscal_year for site1.local
2020-11-02 19:30:49,882 INFO scheduler Scheduled Job Complete: erpnext.accounts.doctype.fiscal_year.fiscal_year.auto_create_fiscal_year for site1.local
2020-11-02 19:30:49,924 INFO scheduler Scheduled Job Start: erpnext.controllers.accounts_controller.update_invoice_status for site1.local
2020-11-02 19:30:50,061 INFO scheduler Scheduled Job Complete: erpnext.controllers.accounts_controller.update_invoice_status for site1.local
2020-11-02 19:30:50,135 INFO scheduler Scheduled Job Start: erpnext.crm.doctype.opportunity.opportunity.auto_close_opportunity for site1.local
2020-11-02 19:30:50,220 INFO scheduler Scheduled Job Complete: erpnext.crm.doctype.opportunity.opportunity.auto_close_opportunity for site1.local
2020-11-02 19:30:50,266 INFO scheduler Scheduled Job Start: erpnext.support.doctype.issue.issue.auto_close_tickets for site1.local
2020-11-02 19:30:50,346 INFO scheduler Scheduled Job Complete: erpnext.support.doctype.issue.issue.auto_close_tickets for site1.local
2020-11-02 19:30:50,390 INFO scheduler Scheduled Job Start: erpnext.stock.reorder_item.reorder_item for site1.local
2020-11-02 19:30:50,466 INFO scheduler Scheduled Job Complete: erpnext.stock.reorder_item.reorder_item for site1.local
2020-11-02 19:30:50,510 INFO scheduler Scheduled Job Start: frappe.core.doctype.prepared_report.prepared_report.delete_expired_prepared_reports for site1.local
2020-11-02 19:30:50,608 INFO scheduler Scheduled Job Complete: frappe.core.doctype.prepared_report.prepared_report.delete_expired_prepared_reports for site1.local
2020-11-02 19:30:50,655 INFO scheduler Scheduled Job Start: frappe.email.doctype.unhandled_email.unhandled_email.remove_old_unhandled_emails for site1.local
2020-11-02 19:30:50,733 INFO scheduler Scheduled Job Complete: frappe.email.doctype.unhandled_email.unhandled_email.remove_old_unhandled_emails for site1.local
2020-11-02 19:30:50,791 INFO scheduler Scheduled Job Start: frappe.automation.doctype.auto_repeat.auto_repeat.set_auto_repeat_as_completed for site1.local
2020-11-02 19:30:50,887 INFO scheduler Scheduled Job Complete: frappe.automation.doctype.auto_repeat.auto_repeat.set_auto_repeat_as_completed for site1.local
2020-11-02 19:30:50,941 INFO scheduler Scheduled Job Start: frappe.automation.doctype.auto_repeat.auto_repeat.make_auto_repeat_entry for site1.local
2020-11-02 19:30:51,074 INFO scheduler Scheduled Job Complete: frappe.automation.doctype.auto_repeat.auto_repeat.make_auto_repeat_entry for site1.local
2020-11-02 19:30:51,136 INFO scheduler Scheduled Job Start: frappe.integrations.doctype.google_contacts.google_contacts.sync for site1.local
2020-11-02 19:30:51,310 INFO scheduler Scheduled Job Complete: frappe.integrations.doctype.google_contacts.google_contacts.sync for site1.local
2020-11-02 19:30:51,364 INFO scheduler Scheduled Job Start: frappe.social.doctype.energy_point_settings.energy_point_settings.allocate_review_points for site1.local
2020-11-02 19:30:51,670 INFO scheduler Scheduled Job Complete: frappe.social.doctype.energy_point_settings.energy_point_settings.allocate_review_points for site1.local
2020-11-02 19:30:51,718 INFO scheduler Scheduled Job Start: frappe.desk.form.document_follow.send_daily_updates for site1.local
2020-11-02 19:30:51,830 INFO scheduler Scheduled Job Complete: frappe.desk.form.document_follow.send_daily_updates for site1.local
2020-11-02 19:30:51,872 INFO scheduler Scheduled Job Start: frappe.website.doctype.personal_data_deletion_request.personal_data_deletion_request.remove_unverified_record for site1.local
2020-11-02 19:30:51,964 INFO scheduler Scheduled Job Complete: frappe.website.doctype.personal_data_deletion_request.personal_data_deletion_request.remove_unverified_record for site1.local
2020-11-02 19:30:52,018 INFO scheduler Scheduled Job Start: frappe.core.doctype.activity_log.activity_log.clear_authentication_logs for site1.local
2020-11-02 19:30:52,105 INFO scheduler Scheduled Job Complete: frappe.core.doctype.activity_log.activity_log.clear_authentication_logs for site1.local
2020-11-02 19:30:52,151 INFO scheduler Scheduled Job Start: frappe.email.doctype.auto_email_report.auto_email_report.send_daily for site1.local
2020-11-02 19:30:52,230 INFO scheduler Scheduled Job Complete: frappe.email.doctype.auto_email_report.auto_email_report.send_daily for site1.local
2020-11-02 19:30:52,285 INFO scheduler Scheduled Job Start: frappe.utils.scheduler.restrict_scheduler_events_if_dormant for site1.local
2020-11-02 19:30:52,436 INFO scheduler Scheduled Job Failed: frappe.utils.scheduler.restrict_scheduler_events_if_dormant for site1.local
2020-11-02 19:30:52,486 INFO scheduler Scheduled Job Start: frappe.realtime.remove_old_task_logs for site1.local
2020-11-02 19:30:52,564 INFO scheduler Scheduled Job Complete: frappe.realtime.remove_old_task_logs for site1.local
2020-11-02 19:30:52,609 INFO scheduler Scheduled Job Start: frappe.email.doctype.notification.notification.trigger_daily_alerts for site1.local
2020-11-02 19:30:52,718 INFO scheduler Scheduled Job Complete: frappe.email.doctype.notification.notification.trigger_daily_alerts for site1.local
2020-11-02 19:30:52,768 INFO scheduler Scheduled Job Start: frappe.sessions.clear_expired_sessions for site1.local
2020-11-02 19:30:52,861 INFO scheduler Scheduled Job Complete: frappe.sessions.clear_expired_sessions for site1.local
2020-11-02 19:30:52,907 INFO scheduler Scheduled Job Start: frappe.desk.doctype.event.event.send_event_digest for site1.local
2020-11-02 19:30:53,005 INFO scheduler Scheduled Job Complete: frappe.desk.doctype.event.event.send_event_digest for site1.local
2020-11-02 19:30:53,062 INFO scheduler Scheduled Job Start: frappe.core.doctype.error_log.error_log.set_old_logs_as_seen for site1.local
2020-11-02 19:30:53,135 INFO scheduler Scheduled Job Complete: frappe.core.doctype.error_log.error_log.set_old_logs_as_seen for site1.local
2020-11-02 19:30:53,180 INFO scheduler Scheduled Job Start: frappe.desk.notifications.clear_notifications for site1.local
2020-11-02 19:30:53,332 INFO scheduler Scheduled Job Complete: frappe.desk.notifications.clear_notifications for site1.local
2020-11-02 19:30:53,375 INFO scheduler Scheduled Job Start: frappe.email.queue.clear_outbox for site1.local
2020-11-02 19:30:53,487 INFO scheduler Scheduled Job Complete: frappe.email.queue.clear_outbox for site1.local
2020-11-02 19:30:53,534 INFO scheduler Scheduled Job Start: erpnext.support.doctype.issue.issue.set_service_level_agreement_variance for site1.local
2020-11-02 19:30:53,625 INFO scheduler Scheduled Job Complete: erpnext.support.doctype.issue.issue.set_service_level_agreement_variance for site1.local
2020-11-02 19:30:53,670 INFO scheduler Scheduled Job Start: erpnext.hr.doctype.shift_type.shift_type.process_auto_attendance_for_all_shifts for site1.local
2020-11-02 19:30:53,764 INFO scheduler Scheduled Job Complete: erpnext.hr.doctype.shift_type.shift_type.process_auto_attendance_for_all_shifts for site1.local
2020-11-02 19:30:53,823 INFO scheduler Scheduled Job Start: erpnext.projects.doctype.project.project.collect_project_status for site1.local
2020-11-02 19:30:53,999 INFO scheduler Scheduled Job Complete: erpnext.projects.doctype.project.project.collect_project_status for site1.local
2020-11-02 19:30:54,050 INFO scheduler Scheduled Job Start: erpnext.projects.doctype.project.project.hourly_reminder for site1.local
2020-11-02 19:30:54,209 INFO scheduler Scheduled Job Complete: erpnext.projects.doctype.project.project.hourly_reminder for site1.local
2020-11-02 19:30:54,256 INFO scheduler Scheduled Job Start: erpnext.erpnext_integrations.doctype.plaid_settings.plaid_settings.automatic_synchronization for site1.local
2020-11-02 19:30:54,554 INFO scheduler Scheduled Job Complete: erpnext.erpnext_integrations.doctype.plaid_settings.plaid_settings.automatic_synchronization for site1.local
2020-11-02 19:30:54,599 INFO scheduler Scheduled Job Start: erpnext.accounts.doctype.gl_entry.gl_entry.rename_gle_sle_docs for site1.local
2020-11-02 19:30:54,691 INFO scheduler Scheduled Job Complete: erpnext.accounts.doctype.gl_entry.gl_entry.rename_gle_sle_docs for site1.local
2020-11-02 19:30:54,783 INFO scheduler Scheduled Job Start: erpnext.erpnext_integrations.doctype.amazon_mws_settings.amazon_mws_settings.schedule_get_order_details for site1.local
2020-11-02 19:30:54,936 INFO scheduler Scheduled Job Complete: erpnext.erpnext_integrations.doctype.amazon_mws_settings.amazon_mws_settings.schedule_get_order_details for site1.local
2020-11-02 19:30:55,010 INFO scheduler Scheduled Job Start: erpnext.accounts.doctype.subscription.subscription.process_all for site1.local
2020-11-02 19:30:55,093 INFO scheduler Scheduled Job Complete: erpnext.accounts.doctype.subscription.subscription.process_all for site1.local
2020-11-02 19:30:55,138 INFO scheduler Scheduled Job Start: erpnext.hr.doctype.daily_work_summary_group.daily_work_summary_group.trigger_emails for site1.local
2020-11-02 19:30:55,229 INFO scheduler Scheduled Job Complete: erpnext.hr.doctype.daily_work_summary_group.daily_work_summary_group.trigger_emails for site1.local
2020-11-02 19:30:55,278 INFO scheduler Scheduled Job Start: frappe.email.doctype.newsletter.newsletter.send_scheduled_email for site1.local
2020-11-02 19:30:55,423 INFO scheduler Scheduled Job Complete: frappe.email.doctype.newsletter.newsletter.send_scheduled_email for site1.local
2020-11-02 19:30:55,468 INFO scheduler Scheduled Job Start: frappe.integrations.doctype.google_calendar.google_calendar.sync for site1.local
2020-11-02 19:30:55,591 INFO scheduler Scheduled Job Complete: frappe.integrations.doctype.google_calendar.google_calendar.sync for site1.local
2020-11-02 19:30:55,636 INFO scheduler Scheduled Job Start: frappe.desk.form.document_follow.send_hourly_updates for site1.local
2020-11-02 19:30:55,719 INFO scheduler Scheduled Job Complete: frappe.desk.form.document_follow.send_hourly_updates for site1.local
2020-11-02 19:30:55,765 INFO scheduler Scheduled Job Start: frappe.deferred_insert.save_to_db for site1.local
2020-11-02 19:30:55,845 INFO scheduler Scheduled Job Complete: frappe.deferred_insert.save_to_db for site1.local
2020-11-02 19:30:55,889 INFO scheduler Scheduled Job Start: frappe.desk.page.backups.backups.delete_downloadable_backups for site1.local
2020-11-02 19:30:56,039 INFO scheduler Scheduled Job Complete: frappe.desk.page.backups.backups.delete_downloadable_backups for site1.local
2020-11-02 19:30:56,093 INFO scheduler Scheduled Job Start: frappe.utils.error.collect_error_snapshots for site1.local
2020-11-02 19:30:56,171 INFO scheduler Scheduled Job Complete: frappe.utils.error.collect_error_snapshots for site1.local
2020-11-02 19:30:56,215 INFO scheduler Scheduled Job Start: frappe.model.utils.user_settings.sync_user_settings for site1.local
2020-11-02 19:30:56,291 INFO scheduler Scheduled Job Complete: frappe.model.utils.user_settings.sync_user_settings for site1.local
2020-11-02 19:30:56,336 INFO scheduler Scheduled Job Start: frappe.model.utils.link_count.update_link_count for site1.local
2020-11-02 19:30:56,428 INFO scheduler Scheduled Job Complete: frappe.model.utils.link_count.update_link_count for site1.local
2020-11-02 19:30:56,473 INFO scheduler Scheduled Job Start: erpnext.crm.doctype.social_media_post.social_media_post.process_scheduled_social_media_posts for site1.local
2020-11-02 19:30:56,521 INFO scheduler Scheduled Job Complete: erpnext.crm.doctype.social_media_post.social_media_post.process_scheduled_social_media_posts for site1.local
2020-11-02 19:30:56,560 INFO scheduler Scheduled Job Start: erpnext.healthcare.doctype.patient_appointment.patient_appointment.send_appointment_reminder for site1.local
2020-11-02 19:30:56,604 INFO scheduler Scheduled Job Complete: erpnext.healthcare.doctype.patient_appointment.patient_appointment.send_appointment_reminder for site1.local
2020-11-02 19:30:56,643 INFO scheduler Scheduled Job Start: erpnext.projects.doctype.project.project.project_status_update_reminder for site1.local
2020-11-02 19:30:56,757 INFO scheduler Scheduled Job Complete: erpnext.projects.doctype.project.project.project_status_update_reminder for site1.local
2020-11-02 19:30:56,794 INFO scheduler Scheduled Job Start: frappe.monitor.flush for site1.local
2020-11-02 19:30:56,823 INFO scheduler Scheduled Job Complete: frappe.monitor.flush for site1.local
2020-11-02 19:30:56,860 INFO scheduler Scheduled Job Start: frappe.utils.global_search.sync_global_search for site1.local
2020-11-02 19:30:56,888 INFO scheduler Scheduled Job Complete: frappe.utils.global_search.sync_global_search for site1.local
2020-11-02 19:30:56,924 INFO scheduler Scheduled Job Start: frappe.integrations.doctype.razorpay_settings.razorpay_settings.capture_payment for site1.local
2020-11-02 19:30:56,973 INFO scheduler Scheduled Job Complete: frappe.integrations.doctype.razorpay_settings.razorpay_settings.capture_payment for site1.local
2020-11-02 19:30:57,012 INFO scheduler Scheduled Job Start: frappe.email.doctype.email_account.email_account.notify_unreplied for site1.local
2020-11-02 19:30:57,076 INFO scheduler Scheduled Job Complete: frappe.email.doctype.email_account.email_account.notify_unreplied for site1.local
2020-11-02 19:30:57,112 INFO scheduler Scheduled Job Start: frappe.email.doctype.email_account.email_account.pull for site1.local
2020-11-02 19:30:57,187 INFO scheduler Scheduled Job Complete: frappe.email.doctype.email_account.email_account.pull for site1.local
2020-11-02 19:30:57,223 INFO scheduler Scheduled Job Start: frappe.email.queue.flush for site1.local
2020-11-02 19:30:57,283 INFO scheduler Scheduled Job Complete: frappe.email.queue.flush for site1.local
2020-11-02 19:30:57,326 INFO scheduler Scheduled Job Start: frappe.twofactor.delete_all_barcodes_for_users for site1.local
2020-11-02 19:30:57,422 INFO scheduler Scheduled Job Complete: frappe.twofactor.delete_all_barcodes_for_users for site1.local
2020-11-02 19:30:57,492 INFO scheduler Scheduled Job Start: frappe.website.doctype.web_page.web_page.check_publish_status for site1.local
2020-11-02 19:30:57,612 INFO scheduler Scheduled Job Complete: frappe.website.doctype.web_page.web_page.check_publish_status for site1.local
2020-11-02 19:30:57,658 INFO scheduler Scheduled Job Start: frappe.oauth.delete_oauth2_data for site1.local
2020-11-02 19:30:57,753 INFO scheduler Scheduled Job Complete: frappe.oauth.delete_oauth2_data for site1.local
2020-11-02 19:31:45,961 DEBUG scheduler Queued events for site site1.local
2020-11-02 19:32:46,490 DEBUG scheduler Queued events for site site1.local
2020-11-02 19:33:46,968 DEBUG scheduler Queued events for site site1.local
2020-11-02 19:34:47,462 INFO scheduler Scheduled Job Start: erpnext.crm.doctype.social_media_post.social_media_post.process_scheduled_social_media_posts for site1.local
2020-11-02 19:34:47,474 DEBUG scheduler Queued events for site site1.local
2020-11-02 19:34:47,517 INFO scheduler Scheduled Job Complete: erpnext.crm.doctype.social_media_post.social_media_post.process_scheduled_social_media_posts for site1.local
2020-11-02 19:34:47,557 INFO scheduler Scheduled Job Start: erpnext.healthcare.doctype.patient_appointment.patient_appointment.send_appointment_reminder for site1.local
2020-11-02 19:34:47,605 INFO scheduler Scheduled Job Complete: erpnext.healthcare.doctype.patient_appointment.patient_appointment.send_appointment_reminder for site1.local
2020-11-02 19:34:47,645 INFO scheduler Scheduled Job Start: erpnext.projects.doctype.project.project.project_status_update_reminder for site1.local
2020-11-02 19:34:47,794 INFO scheduler Scheduled Job Complete: erpnext.projects.doctype.project.project.project_status_update_reminder for site1.local
2020-11-02 19:34:47,834 INFO scheduler Scheduled Job Start: frappe.monitor.flush for site1.local
2020-11-02 19:34:47,868 INFO scheduler Scheduled Job Complete: frappe.monitor.flush for site1.local
2020-11-02 19:34:47,905 INFO scheduler Scheduled Job Start: frappe.utils.global_search.sync_global_search for site1.local
2020-11-02 19:34:47,934 INFO scheduler Scheduled Job Complete: frappe.utils.global_search.sync_global_search for site1.local
2020-11-02 19:34:47,969 INFO scheduler Scheduled Job Start: frappe.integrations.doctype.razorpay_settings.razorpay_settings.capture_payment for site1.local
2020-11-02 19:34:48,015 INFO scheduler Scheduled Job Complete: frappe.integrations.doctype.razorpay_settings.razorpay_settings.capture_payment for site1.local
2020-11-02 19:34:48,050 INFO scheduler Scheduled Job Start: frappe.email.doctype.email_account.email_account.notify_unreplied for site1.local
2020-11-02 19:34:48,119 INFO scheduler Scheduled Job Complete: frappe.email.doctype.email_account.email_account.notify_unreplied for site1.local
2020-11-02 19:34:48,166 INFO scheduler Scheduled Job Start: frappe.email.doctype.email_account.email_account.pull for site1.local
2020-11-02 19:34:48,244 INFO scheduler Scheduled Job Complete: frappe.email.doctype.email_account.email_account.pull for site1.local
2020-11-02 19:34:48,291 INFO scheduler Scheduled Job Start: frappe.email.queue.flush for site1.local
2020-11-02 19:34:48,338 INFO scheduler Scheduled Job Complete: frappe.email.queue.flush for site1.local
2020-11-02 19:35:47,886 DEBUG scheduler Queued events for site site1.local
2020-11-02 19:36:48,365 DEBUG scheduler Queued events for site site1.local
2020-11-02 19:37:48,768 DEBUG scheduler Queued events for site site1.local
2020-11-02 19:38:49,461 INFO scheduler Scheduled Job Start: erpnext.crm.doctype.social_media_post.social_media_post.process_scheduled_social_media_posts for site1.local
2020-11-02 19:38:49,502 DEBUG scheduler Queued events for site site1.local
2020-11-02 19:38:49,537 INFO scheduler Scheduled Job Complete: erpnext.crm.doctype.social_media_post.social_media_post.process_scheduled_social_media_posts for site1.local
2020-11-02 19:38:49,604 INFO scheduler Scheduled Job Start: erpnext.healthcare.doctype.patient_appointment.patient_appointment.send_appointment_reminder for site1.local
2020-11-02 19:38:49,670 INFO scheduler Scheduled Job Complete: erpnext.healthcare.doctype.patient_appointment.patient_appointment.send_appointment_reminder for site1.local
2020-11-02 19:38:49,724 INFO scheduler Scheduled Job Start: erpnext.projects.doctype.project.project.project_status_update_reminder for site1.local
2020-11-02 19:38:50,006 INFO scheduler Scheduled Job Complete: erpnext.projects.doctype.project.project.project_status_update_reminder for site1.local
2020-11-02 19:38:50,096 INFO scheduler Scheduled Job Start: frappe.monitor.flush for site1.local
2020-11-02 19:38:50,132 INFO scheduler Scheduled Job Complete: frappe.monitor.flush for site1.local
2020-11-02 19:38:50,183 INFO scheduler Scheduled Job Start: frappe.utils.global_search.sync_global_search for site1.local
2020-11-02 19:38:50,227 INFO scheduler Scheduled Job Complete: frappe.utils.global_search.sync_global_search for site1.local
2020-11-02 19:38:50,282 INFO scheduler Scheduled Job Start: frappe.integrations.doctype.razorpay_settings.razorpay_settings.capture_payment for site1.local
2020-11-02 19:38:50,410 INFO scheduler Scheduled Job Complete: frappe.integrations.doctype.razorpay_settings.razorpay_settings.capture_payment for site1.local
2020-11-02 19:38:50,453 INFO scheduler Scheduled Job Start: frappe.email.doctype.email_account.email_account.notify_unreplied for site1.local
2020-11-02 19:38:50,551 INFO scheduler Scheduled Job Complete: frappe.email.doctype.email_account.email_account.notify_unreplied for site1.local
2020-11-02 19:38:50,604 INFO scheduler Scheduled Job Start: frappe.email.doctype.email_account.email_account.pull for site1.local
2020-11-02 19:38:50,721 INFO scheduler Scheduled Job Complete: frappe.email.doctype.email_account.email_account.pull for site1.local
2020-11-02 19:38:50,823 INFO scheduler Scheduled Job Start: frappe.email.queue.flush for site1.local
2020-11-02 19:38:50,882 INFO scheduler Scheduled Job Complete: frappe.email.queue.flush for site1.local
2020-11-02 19:39:50,164 DEBUG scheduler Queued events for site site1.local
2020-11-02 19:40:50,821 DEBUG scheduler Queued events for site site1.local
2020-11-02 19:41:51,246 DEBUG scheduler Queued events for site site1.local
2020-11-02 19:42:51,935 INFO scheduler Scheduled Job Start: erpnext.crm.doctype.social_media_post.social_media_post.process_scheduled_social_media_posts for site1.local
2020-11-02 19:42:51,957 DEBUG scheduler Queued events for site site1.local
2020-11-02 19:42:52,010 INFO scheduler Scheduled Job Complete: erpnext.crm.doctype.social_media_post.social_media_post.process_scheduled_social_media_posts for site1.local
2020-11-02 19:42:52,085 INFO scheduler Scheduled Job Start: erpnext.healthcare.doctype.patient_appointment.patient_appointment.send_appointment_reminder for site1.local
2020-11-02 19:42:52,190 INFO scheduler Scheduled Job Complete: erpnext.healthcare.doctype.patient_appointment.patient_appointment.send_appointment_reminder for site1.local
2020-11-02 19:42:52,316 INFO scheduler Scheduled Job Start: erpnext.projects.doctype.project.project.project_status_update_reminder for site1.local
2020-11-02 19:42:52,487 INFO scheduler Scheduled Job Complete: erpnext.projects.doctype.project.project.project_status_update_reminder for site1.local
2020-11-02 19:42:52,598 INFO scheduler Scheduled Job Start: frappe.monitor.flush for site1.local
2020-11-02 19:42:52,714 INFO scheduler Scheduled Job Complete: frappe.monitor.flush for site1.local
2020-11-02 19:42:52,831 INFO scheduler Scheduled Job Start: frappe.utils.global_search.sync_global_search for site1.local
2020-11-02 19:42:52,950 INFO scheduler Scheduled Job Complete: frappe.utils.global_search.sync_global_search for site1.local
2020-11-02 19:42:53,018 INFO scheduler Scheduled Job Start: frappe.integrations.doctype.razorpay_settings.razorpay_settings.capture_payment for site1.local
2020-11-02 19:42:53,079 INFO scheduler Scheduled Job Complete: frappe.integrations.doctype.razorpay_settings.razorpay_settings.capture_payment for site1.local
2020-11-02 19:42:53,133 INFO scheduler Scheduled Job Start: frappe.email.doctype.email_account.email_account.notify_unreplied for site1.local
2020-11-02 19:42:53,352 INFO scheduler Scheduled Job Complete: frappe.email.doctype.email_account.email_account.notify_unreplied for site1.local
2020-11-02 19:42:53,392 INFO scheduler Scheduled Job Start: frappe.email.doctype.email_account.email_account.pull for site1.local
2020-11-02 19:42:53,501 INFO scheduler Scheduled Job Complete: frappe.email.doctype.email_account.email_account.pull for site1.local
2020-11-02 19:42:53,597 INFO scheduler Scheduled Job Start: frappe.email.queue.flush for site1.local
2020-11-02 19:42:53,708 INFO scheduler Scheduled Job Complete: frappe.email.queue.flush for site1.local
2020-11-02 19:43:52,650 DEBUG scheduler Queued events for site site1.local
2020-11-02 19:44:53,301 DEBUG scheduler Queued events for site site1.local
2020-11-02 19:45:53,993 DEBUG scheduler Queued events for site site1.local
2020-11-02 19:45:54,016 INFO scheduler Scheduled Job Start: frappe.twofactor.delete_all_barcodes_for_users for site1.local
2020-11-02 19:45:54,192 INFO scheduler Scheduled Job Complete: frappe.twofactor.delete_all_barcodes_for_users for site1.local
2020-11-02 19:45:54,267 INFO scheduler Scheduled Job Start: frappe.website.doctype.web_page.web_page.check_publish_status for site1.local
2020-11-02 19:45:54,402 INFO scheduler Scheduled Job Complete: frappe.website.doctype.web_page.web_page.check_publish_status for site1.local
2020-11-02 19:45:54,447 INFO scheduler Scheduled Job Start: frappe.oauth.delete_oauth2_data for site1.local
2020-11-02 19:45:54,553 INFO scheduler Scheduled Job Complete: frappe.oauth.delete_oauth2_data for site1.local
2020-11-02 19:46:54,704 INFO scheduler Scheduled Job Start: erpnext.crm.doctype.social_media_post.social_media_post.process_scheduled_social_media_posts for site1.local
2020-11-02 19:46:54,717 DEBUG scheduler Queued events for site site1.local
2020-11-02 19:46:54,757 INFO scheduler Scheduled Job Complete: erpnext.crm.doctype.social_media_post.social_media_post.process_scheduled_social_media_posts for site1.local
2020-11-02 19:46:54,813 INFO scheduler Scheduled Job Start: erpnext.healthcare.doctype.patient_appointment.patient_appointment.send_appointment_reminder for site1.local
2020-11-02 19:46:54,883 INFO scheduler Scheduled Job Complete: erpnext.healthcare.doctype.patient_appointment.patient_appointment.send_appointment_reminder for site1.local
2020-11-02 19:46:54,950 INFO scheduler Scheduled Job Start: erpnext.projects.doctype.project.project.project_status_update_reminder for site1.local
2020-11-02 19:46:55,140 INFO scheduler Scheduled Job Complete: erpnext.projects.doctype.project.project.project_status_update_reminder for site1.local
2020-11-02 19:46:55,181 INFO scheduler Scheduled Job Start: frappe.monitor.flush for site1.local
2020-11-02 19:46:55,213 INFO scheduler Scheduled Job Complete: frappe.monitor.flush for site1.local
2020-11-02 19:46:55,249 INFO scheduler Scheduled Job Start: frappe.utils.global_search.sync_global_search for site1.local
2020-11-02 19:46:55,286 INFO scheduler Scheduled Job Complete: frappe.utils.global_search.sync_global_search for site1.local
2020-11-02 19:46:55,322 INFO scheduler Scheduled Job Start: frappe.integrations.doctype.razorpay_settings.razorpay_settings.capture_payment for site1.local
2020-11-02 19:46:55,381 INFO scheduler Scheduled Job Complete: frappe.integrations.doctype.razorpay_settings.razorpay_settings.capture_payment for site1.local
2020-11-02 19:46:55,419 INFO scheduler Scheduled Job Start: frappe.email.doctype.email_account.email_account.notify_unreplied for site1.local
2020-11-02 19:46:55,494 INFO scheduler Scheduled Job Complete: frappe.email.doctype.email_account.email_account.notify_unreplied for site1.local
2020-11-02 19:46:55,533 INFO scheduler Scheduled Job Start: frappe.email.doctype.email_account.email_account.pull for site1.local
2020-11-02 19:46:55,606 INFO scheduler Scheduled Job Complete: frappe.email.doctype.email_account.email_account.pull for site1.local
2020-11-02 19:46:55,655 INFO scheduler Scheduled Job Start: frappe.email.queue.flush for site1.local
2020-11-02 19:46:55,728 INFO scheduler Scheduled Job Complete: frappe.email.queue.flush for site1.local
2020-11-02 19:47:55,183 DEBUG scheduler Queued events for site site1.local
2020-11-02 19:48:55,646 DEBUG scheduler Queued events for site site1.local
2020-11-02 19:49:55,944 DEBUG scheduler Queued events for site site1.local
2020-11-02 19:50:56,709 DEBUG scheduler Queued events for site site1.local
2020-11-02 19:50:57,289 INFO scheduler Scheduled Job Start: erpnext.crm.doctype.social_media_post.social_media_post.process_scheduled_social_media_posts for site1.local
2020-11-02 19:50:58,683 INFO scheduler Scheduled Job Complete: erpnext.crm.doctype.social_media_post.social_media_post.process_scheduled_social_media_posts for site1.local
2020-11-02 19:50:58,802 INFO scheduler Scheduled Job Start: erpnext.healthcare.doctype.patient_appointment.patient_appointment.send_appointment_reminder for site1.local
2020-11-02 19:50:59,197 INFO scheduler Scheduled Job Complete: erpnext.healthcare.doctype.patient_appointment.patient_appointment.send_appointment_reminder for site1.local
2020-11-02 19:50:59,298 INFO scheduler Scheduled Job Start: erpnext.projects.doctype.project.project.project_status_update_reminder for site1.local
2020-11-02 19:51:00,147 INFO scheduler Scheduled Job Complete: erpnext.projects.doctype.project.project.project_status_update_reminder for site1.local
2020-11-02 19:51:00,185 INFO scheduler Scheduled Job Start: frappe.monitor.flush for site1.local
2020-11-02 19:51:00,228 INFO scheduler Scheduled Job Complete: frappe.monitor.flush for site1.local
2020-11-02 19:51:00,265 INFO scheduler Scheduled Job Start: frappe.utils.global_search.sync_global_search for site1.local
2020-11-02 19:51:00,348 INFO scheduler Scheduled Job Complete: frappe.utils.global_search.sync_global_search for site1.local
2020-11-02 19:51:00,409 INFO scheduler Scheduled Job Start: frappe.integrations.doctype.razorpay_settings.razorpay_settings.capture_payment for site1.local
2020-11-02 19:51:00,885 INFO scheduler Scheduled Job Complete: frappe.integrations.doctype.razorpay_settings.razorpay_settings.capture_payment for site1.local
2020-11-02 19:51:01,012 INFO scheduler Scheduled Job Start: frappe.email.doctype.email_account.email_account.notify_unreplied for site1.local
2020-11-02 19:51:01,624 INFO scheduler Scheduled Job Complete: frappe.email.doctype.email_account.email_account.notify_unreplied for site1.local
2020-11-02 19:51:01,708 INFO scheduler Scheduled Job Start: frappe.email.doctype.email_account.email_account.pull for site1.local
2020-11-02 19:51:01,874 INFO scheduler Scheduled Job Complete: frappe.email.doctype.email_account.email_account.pull for site1.local
2020-11-02 19:51:01,918 INFO scheduler Scheduled Job Start: frappe.email.queue.flush for site1.local
2020-11-02 19:51:01,992 INFO scheduler Scheduled Job Complete: frappe.email.queue.flush for site1.local
2020-11-02 19:51:57,338 DEBUG scheduler Queued events for site site1.local
2020-11-02 19:52:58,095 DEBUG scheduler Queued events for site site1.local
2020-11-02 19:53:58,433 DEBUG scheduler Queued events for site site1.local
2020-11-02 19:54:58,805 INFO scheduler Scheduled Job Start: erpnext.crm.doctype.social_media_post.social_media_post.process_scheduled_social_media_posts for site1.local
2020-11-02 19:54:58,832 DEBUG scheduler Queued events for site site1.local
2020-11-02 19:54:58,884 INFO scheduler Scheduled Job Complete: erpnext.crm.doctype.social_media_post.social_media_post.process_scheduled_social_media_posts for site1.local
2020-11-02 19:54:58,926 INFO scheduler Scheduled Job Start: erpnext.healthcare.doctype.patient_appointment.patient_appointment.send_appointment_reminder for site1.local
2020-11-02 19:54:58,986 INFO scheduler Scheduled Job Complete: erpnext.healthcare.doctype.patient_appointment.patient_appointment.send_appointment_reminder for site1.local
2020-11-02 19:54:59,037 INFO scheduler Scheduled Job Start: erpnext.projects.doctype.project.project.project_status_update_reminder for site1.local
2020-11-02 19:54:59,226 INFO scheduler Scheduled Job Complete: erpnext.projects.doctype.project.project.project_status_update_reminder for site1.local
2020-11-02 19:54:59,274 INFO scheduler Scheduled Job Start: frappe.monitor.flush for site1.local
2020-11-02 19:54:59,312 INFO scheduler Scheduled Job Complete: frappe.monitor.flush for site1.local
2020-11-02 19:54:59,380 INFO scheduler Scheduled Job Start: frappe.utils.global_search.sync_global_search for site1.local
2020-11-02 19:54:59,432 INFO scheduler Scheduled Job Complete: frappe.utils.global_search.sync_global_search for site1.local
2020-11-02 19:54:59,489 INFO scheduler Scheduled Job Start: frappe.integrations.doctype.razorpay_settings.razorpay_settings.capture_payment for site1.local
2020-11-02 19:54:59,565 INFO scheduler Scheduled Job Complete: frappe.integrations.doctype.razorpay_settings.razorpay_settings.capture_payment for site1.local
2020-11-02 19:54:59,620 INFO scheduler Scheduled Job Start: frappe.email.doctype.email_account.email_account.notify_unreplied for site1.local
2020-11-02 19:54:59,743 INFO scheduler Scheduled Job Complete: frappe.email.doctype.email_account.email_account.notify_unreplied for site1.local
2020-11-02 19:54:59,806 INFO scheduler Scheduled Job Start: frappe.email.doctype.email_account.email_account.pull for site1.local
2020-11-02 19:54:59,943 INFO scheduler Scheduled Job Complete: frappe.email.doctype.email_account.email_account.pull for site1.local
2020-11-02 19:54:59,995 INFO scheduler Scheduled Job Start: frappe.email.queue.flush for site1.local
2020-11-02 19:55:00,065 INFO scheduler Scheduled Job Complete: frappe.email.queue.flush for site1.local
2020-11-02 19:55:59,510 DEBUG scheduler Queued events for site site1.local
